<?xml version="1.0" encoding="UTF-8"?>
<coverage generated="1686675270242" clover="3.2.0">
  <project timestamp="1686675270242" name="All files">
    <metrics statements="13" coveredstatements="11" conditionals="5" coveredconditionals="4" methods="5" coveredmethods="4" elements="23" coveredelements="19" complexity="0" loc="13" ncloc="13" packages="1" files="2" classes="2"/>
    <file name="coverage.ts" path="C:\Users\hando\Desktop\Unit test examples\src\coverage.ts">
      <metrics statements="9" coveredstatements="7" conditionals="5" coveredconditionals="4" methods="3" coveredmethods="2"/>
      <line num="1" count="1" type="cond" truecount="2" falsecount="0"/>
      <line num="2" count="1" type="stmt"/>
      <line num="3" count="1" type="stmt"/>
      <line num="6" count="1" type="stmt"/>
      <line num="7" count="2" type="cond" truecount="2" falsecount="1"/>
      <line num="9" count="1" type="stmt"/>
      <line num="11" count="1" type="stmt"/>
      <line num="13" count="0" type="stmt"/>
      <line num="18" count="0" type="stmt"/>
    </file>
    <file name="isolation.ts" path="C:\Users\hando\Desktop\Unit test examples\src\isolation.ts">
      <metrics statements="4" coveredstatements="4" conditionals="0" coveredconditionals="0" methods="2" coveredmethods="2"/>
      <line num="6" count="1" type="stmt"/>
      <line num="7" count="1" type="stmt"/>
      <line num="10" count="1" type="stmt"/>
      <line num="11" count="1" type="stmt"/>
    </file>
  </project>
</coverage>
